<?xml version="1.0" encoding="UTF-8"?>
<testsuite xmlns:xsi="http://www.w3.org/2001/XMLSchema-instance" xsi:noNamespaceSchemaLocation="https://maven.apache.org/surefire/maven-surefire-plugin/xsd/surefire-test-report-3.0.xsd" version="3.0" name="com.company.search.conroller.CompanyControllerTest" time="8.54" tests="1" errors="0" skipped="0" failures="0">
  <properties>
    <property name="java.specification.version" value="17"/>
    <property name="sun.jnu.encoding" value="UTF-8"/>
    <property name="java.class.path" value="/Users/rameshjangili/workspace/spring-exercise/target/test-classes:/Users/rameshjangili/workspace/spring-exercise/target/classes:/Users/rameshjangili/.m2/repository/org/springframework/boot/spring-boot-starter-aop/3.2.5/spring-boot-starter-aop-3.2.5.jar:/Users/rameshjangili/.m2/repository/org/springframework/spring-aop/6.1.6/spring-aop-6.1.6.jar:/Users/rameshjangili/.m2/repository/org/aspectj/aspectjrt/1.9.22/aspectjrt-1.9.22.jar:/Users/rameshjangili/.m2/repository/org/aspectj/aspectjweaver/1.9.22/aspectjweaver-1.9.22.jar:/Users/rameshjangili/.m2/repository/org/springframework/boot/spring-boot-starter/3.2.5/spring-boot-starter-3.2.5.jar:/Users/rameshjangili/.m2/repository/org/springframework/boot/spring-boot/3.2.5/spring-boot-3.2.5.jar:/Users/rameshjangili/.m2/repository/org/springframework/spring-context/6.1.6/spring-context-6.1.6.jar:/Users/rameshjangili/.m2/repository/org/springframework/boot/spring-boot-autoconfigure/3.2.5/spring-boot-autoconfigure-3.2.5.jar:/Users/rameshjangili/.m2/repository/org/springframework/boot/spring-boot-starter-logging/3.2.5/spring-boot-starter-logging-3.2.5.jar:/Users/rameshjangili/.m2/repository/ch/qos/logback/logback-classic/1.4.14/logback-classic-1.4.14.jar:/Users/rameshjangili/.m2/repository/ch/qos/logback/logback-core/1.4.14/logback-core-1.4.14.jar:/Users/rameshjangili/.m2/repository/org/apache/logging/log4j/log4j-to-slf4j/2.21.1/log4j-to-slf4j-2.21.1.jar:/Users/rameshjangili/.m2/repository/org/apache/logging/log4j/log4j-api/2.21.1/log4j-api-2.21.1.jar:/Users/rameshjangili/.m2/repository/org/slf4j/jul-to-slf4j/2.0.13/jul-to-slf4j-2.0.13.jar:/Users/rameshjangili/.m2/repository/jakarta/annotation/jakarta.annotation-api/2.1.1/jakarta.annotation-api-2.1.1.jar:/Users/rameshjangili/.m2/repository/org/springframework/spring-core/6.1.6/spring-core-6.1.6.jar:/Users/rameshjangili/.m2/repository/org/springframework/spring-jcl/6.1.6/spring-jcl-6.1.6.jar:/Users/rameshjangili/.m2/repository/org/yaml/snakeyaml/2.2/snakeyaml-2.2.jar:/Users/rameshjangili/.m2/repository/org/springframework/boot/spring-boot-starter-test/3.2.5/spring-boot-starter-test-3.2.5.jar:/Users/rameshjangili/.m2/repository/org/springframework/boot/spring-boot-test/3.2.5/spring-boot-test-3.2.5.jar:/Users/rameshjangili/.m2/repository/org/springframework/boot/spring-boot-test-autoconfigure/3.2.5/spring-boot-test-autoconfigure-3.2.5.jar:/Users/rameshjangili/.m2/repository/com/jayway/jsonpath/json-path/2.9.0/json-path-2.9.0.jar:/Users/rameshjangili/.m2/repository/jakarta/xml/bind/jakarta.xml.bind-api/4.0.2/jakarta.xml.bind-api-4.0.2.jar:/Users/rameshjangili/.m2/repository/jakarta/activation/jakarta.activation-api/2.1.3/jakarta.activation-api-2.1.3.jar:/Users/rameshjangili/.m2/repository/net/minidev/json-smart/2.5.1/json-smart-2.5.1.jar:/Users/rameshjangili/.m2/repository/net/minidev/accessors-smart/2.5.1/accessors-smart-2.5.1.jar:/Users/rameshjangili/.m2/repository/org/ow2/asm/asm/9.6/asm-9.6.jar:/Users/rameshjangili/.m2/repository/org/assertj/assertj-core/3.24.2/assertj-core-3.24.2.jar:/Users/rameshjangili/.m2/repository/net/bytebuddy/byte-buddy/1.14.13/byte-buddy-1.14.13.jar:/Users/rameshjangili/.m2/repository/org/awaitility/awaitility/4.2.1/awaitility-4.2.1.jar:/Users/rameshjangili/.m2/repository/org/hamcrest/hamcrest/2.2/hamcrest-2.2.jar:/Users/rameshjangili/.m2/repository/org/junit/jupiter/junit-jupiter/5.10.2/junit-jupiter-5.10.2.jar:/Users/rameshjangili/.m2/repository/org/junit/jupiter/junit-jupiter-api/5.10.2/junit-jupiter-api-5.10.2.jar:/Users/rameshjangili/.m2/repository/org/opentest4j/opentest4j/1.3.0/opentest4j-1.3.0.jar:/Users/rameshjangili/.m2/repository/org/junit/platform/junit-platform-commons/1.10.2/junit-platform-commons-1.10.2.jar:/Users/rameshjangili/.m2/repository/org/apiguardian/apiguardian-api/1.1.2/apiguardian-api-1.1.2.jar:/Users/rameshjangili/.m2/repository/org/junit/jupiter/junit-jupiter-params/5.10.2/junit-jupiter-params-5.10.2.jar:/Users/rameshjangili/.m2/repository/org/junit/jupiter/junit-jupiter-engine/5.10.2/junit-jupiter-engine-5.10.2.jar:/Users/rameshjangili/.m2/repository/org/junit/platform/junit-platform-engine/1.10.2/junit-platform-engine-1.10.2.jar:/Users/rameshjangili/.m2/repository/org/mockito/mockito-core/5.7.0/mockito-core-5.7.0.jar:/Users/rameshjangili/.m2/repository/net/bytebuddy/byte-buddy-agent/1.14.13/byte-buddy-agent-1.14.13.jar:/Users/rameshjangili/.m2/repository/org/objenesis/objenesis/3.3/objenesis-3.3.jar:/Users/rameshjangili/.m2/repository/org/mockito/mockito-junit-jupiter/5.7.0/mockito-junit-jupiter-5.7.0.jar:/Users/rameshjangili/.m2/repository/org/skyscreamer/jsonassert/1.5.1/jsonassert-1.5.1.jar:/Users/rameshjangili/.m2/repository/com/vaadin/external/google/android-json/0.0.20131108.vaadin1/android-json-0.0.20131108.vaadin1.jar:/Users/rameshjangili/.m2/repository/org/springframework/spring-test/6.1.6/spring-test-6.1.6.jar:/Users/rameshjangili/.m2/repository/org/xmlunit/xmlunit-core/2.9.1/xmlunit-core-2.9.1.jar:/Users/rameshjangili/.m2/repository/org/springframework/spring-web/6.1.6/spring-web-6.1.6.jar:/Users/rameshjangili/.m2/repository/org/springframework/spring-beans/6.1.6/spring-beans-6.1.6.jar:/Users/rameshjangili/.m2/repository/io/micrometer/micrometer-observation/1.12.5/micrometer-observation-1.12.5.jar:/Users/rameshjangili/.m2/repository/io/micrometer/micrometer-commons/1.12.5/micrometer-commons-1.12.5.jar:/Users/rameshjangili/.m2/repository/org/wiremock/wiremock/3.5.4/wiremock-3.5.4.jar:/Users/rameshjangili/.m2/repository/org/eclipse/jetty/jetty-server/12.0.8/jetty-server-12.0.8.jar:/Users/rameshjangili/.m2/repository/org/eclipse/jetty/jetty-http/12.0.8/jetty-http-12.0.8.jar:/Users/rameshjangili/.m2/repository/org/eclipse/jetty/jetty-io/12.0.8/jetty-io-12.0.8.jar:/Users/rameshjangili/.m2/repository/org/eclipse/jetty/jetty-servlet/11.0.20/jetty-servlet-11.0.20.jar:/Users/rameshjangili/.m2/repository/org/eclipse/jetty/jetty-security/12.0.8/jetty-security-12.0.8.jar:/Users/rameshjangili/.m2/repository/org/eclipse/jetty/jetty-servlets/11.0.20/jetty-servlets-11.0.20.jar:/Users/rameshjangili/.m2/repository/org/eclipse/jetty/jetty-util/12.0.8/jetty-util-12.0.8.jar:/Users/rameshjangili/.m2/repository/org/eclipse/jetty/jetty-webapp/11.0.20/jetty-webapp-11.0.20.jar:/Users/rameshjangili/.m2/repository/org/eclipse/jetty/jetty-xml/12.0.8/jetty-xml-12.0.8.jar:/Users/rameshjangili/.m2/repository/org/eclipse/jetty/jetty-proxy/12.0.8/jetty-proxy-12.0.8.jar:/Users/rameshjangili/.m2/repository/org/eclipse/jetty/jetty-client/12.0.8/jetty-client-12.0.8.jar:/Users/rameshjangili/.m2/repository/org/eclipse/jetty/http2/http2-server/11.0.20/http2-server-11.0.20.jar:/Users/rameshjangili/.m2/repository/org/eclipse/jetty/http2/http2-common/11.0.20/http2-common-11.0.20.jar:/Users/rameshjangili/.m2/repository/org/eclipse/jetty/http2/http2-hpack/11.0.20/http2-hpack-11.0.20.jar:/Users/rameshjangili/.m2/repository/org/eclipse/jetty/jetty-alpn-server/12.0.8/jetty-alpn-server-12.0.8.jar:/Users/rameshjangili/.m2/repository/org/eclipse/jetty/jetty-alpn-java-server/12.0.8/jetty-alpn-java-server-12.0.8.jar:/Users/rameshjangili/.m2/repository/org/eclipse/jetty/jetty-alpn-java-client/12.0.8/jetty-alpn-java-client-12.0.8.jar:/Users/rameshjangili/.m2/repository/org/eclipse/jetty/jetty-alpn-client/12.0.8/jetty-alpn-client-12.0.8.jar:/Users/rameshjangili/.m2/repository/com/google/guava/guava/33.1.0-jre/guava-33.1.0-jre.jar:/Users/rameshjangili/.m2/repository/com/google/guava/failureaccess/1.0.2/failureaccess-1.0.2.jar:/Users/rameshjangili/.m2/repository/com/google/guava/listenablefuture/9999.0-empty-to-avoid-conflict-with-guava/listenablefuture-9999.0-empty-to-avoid-conflict-with-guava.jar:/Users/rameshjangili/.m2/repository/org/checkerframework/checker-qual/3.42.0/checker-qual-3.42.0.jar:/Users/rameshjangili/.m2/repository/com/google/errorprone/error_prone_annotations/2.26.1/error_prone_annotations-2.26.1.jar:/Users/rameshjangili/.m2/repository/com/google/j2objc/j2objc-annotations/3.0.0/j2objc-annotations-3.0.0.jar:/Users/rameshjangili/.m2/repository/com/fasterxml/jackson/core/jackson-core/2.15.4/jackson-core-2.15.4.jar:/Users/rameshjangili/.m2/repository/com/fasterxml/jackson/core/jackson-annotations/2.15.4/jackson-annotations-2.15.4.jar:/Users/rameshjangili/.m2/repository/com/fasterxml/jackson/core/jackson-databind/2.15.4/jackson-databind-2.15.4.jar:/Users/rameshjangili/.m2/repository/com/fasterxml/jackson/datatype/jackson-datatype-jsr310/2.15.4/jackson-datatype-jsr310-2.15.4.jar:/Users/rameshjangili/.m2/repository/org/apache/httpcomponents/client5/httpclient5/5.2.3/httpclient5-5.2.3.jar:/Users/rameshjangili/.m2/repository/org/apache/httpcomponents/core5/httpcore5/5.2.4/httpcore5-5.2.4.jar:/Users/rameshjangili/.m2/repository/org/apache/httpcomponents/core5/httpcore5-h2/5.2.4/httpcore5-h2-5.2.4.jar:/Users/rameshjangili/.m2/repository/org/xmlunit/xmlunit-legacy/2.9.1/xmlunit-legacy-2.9.1.jar:/Users/rameshjangili/.m2/repository/org/xmlunit/xmlunit-placeholders/2.9.1/xmlunit-placeholders-2.9.1.jar:/Users/rameshjangili/.m2/repository/net/javacrumbs/json-unit/json-unit-core/2.38.0/json-unit-core-2.38.0.jar:/Users/rameshjangili/.m2/repository/org/hamcrest/hamcrest-core/2.2/hamcrest-core-2.2.jar:/Users/rameshjangili/.m2/repository/net/sf/jopt-simple/jopt-simple/5.0.4/jopt-simple-5.0.4.jar:/Users/rameshjangili/.m2/repository/com/github/jknack/handlebars/4.3.1/handlebars-4.3.1.jar:/Users/rameshjangili/.m2/repository/com/github/jknack/handlebars-helpers/4.3.1/handlebars-helpers-4.3.1.jar:/Users/rameshjangili/.m2/repository/commons-fileupload/commons-fileupload/1.5/commons-fileupload-1.5.jar:/Users/rameshjangili/.m2/repository/commons-io/commons-io/2.11.0/commons-io-2.11.0.jar:/Users/rameshjangili/.m2/repository/com/networknt/json-schema-validator/1.4.0/json-schema-validator-1.4.0.jar:/Users/rameshjangili/.m2/repository/com/ethlo/time/itu/1.8.0/itu-1.8.0.jar:/Users/rameshjangili/.m2/repository/com/fasterxml/jackson/dataformat/jackson-dataformat-yaml/2.15.4/jackson-dataformat-yaml-2.15.4.jar:/Users/rameshjangili/.m2/repository/org/slf4j/slf4j-api/2.0.13/slf4j-api-2.0.13.jar:/Users/rameshjangili/.m2/repository/com/amazonaws/aws-java-sdk-secretsmanager/1.12.500/aws-java-sdk-secretsmanager-1.12.500.jar:/Users/rameshjangili/.m2/repository/com/amazonaws/aws-java-sdk-core/1.12.500/aws-java-sdk-core-1.12.500.jar:/Users/rameshjangili/.m2/repository/commons-logging/commons-logging/1.1.3/commons-logging-1.1.3.jar:/Users/rameshjangili/.m2/repository/commons-codec/commons-codec/1.16.1/commons-codec-1.16.1.jar:/Users/rameshjangili/.m2/repository/org/apache/httpcomponents/httpclient/4.5.13/httpclient-4.5.13.jar:/Users/rameshjangili/.m2/repository/org/apache/httpcomponents/httpcore/4.4.16/httpcore-4.4.16.jar:/Users/rameshjangili/.m2/repository/software/amazon/ion/ion-java/1.0.2/ion-java-1.0.2.jar:/Users/rameshjangili/.m2/repository/com/fasterxml/jackson/dataformat/jackson-dataformat-cbor/2.15.4/jackson-dataformat-cbor-2.15.4.jar:/Users/rameshjangili/.m2/repository/joda-time/joda-time/2.8.1/joda-time-2.8.1.jar:/Users/rameshjangili/.m2/repository/com/amazonaws/jmespath-java/1.12.500/jmespath-java-1.12.500.jar:/Users/rameshjangili/.m2/repository/org/springframework/boot/spring-boot-starter-data-jpa/3.2.5/spring-boot-starter-data-jpa-3.2.5.jar:/Users/rameshjangili/.m2/repository/org/springframework/boot/spring-boot-starter-jdbc/3.2.5/spring-boot-starter-jdbc-3.2.5.jar:/Users/rameshjangili/.m2/repository/com/zaxxer/HikariCP/5.0.1/HikariCP-5.0.1.jar:/Users/rameshjangili/.m2/repository/org/springframework/spring-jdbc/6.1.6/spring-jdbc-6.1.6.jar:/Users/rameshjangili/.m2/repository/org/hibernate/orm/hibernate-core/6.4.4.Final/hibernate-core-6.4.4.Final.jar:/Users/rameshjangili/.m2/repository/jakarta/persistence/jakarta.persistence-api/3.1.0/jakarta.persistence-api-3.1.0.jar:/Users/rameshjangili/.m2/repository/jakarta/transaction/jakarta.transaction-api/2.0.1/jakarta.transaction-api-2.0.1.jar:/Users/rameshjangili/.m2/repository/org/jboss/logging/jboss-logging/3.5.3.Final/jboss-logging-3.5.3.Final.jar:/Users/rameshjangili/.m2/repository/org/hibernate/common/hibernate-commons-annotations/6.0.6.Final/hibernate-commons-annotations-6.0.6.Final.jar:/Users/rameshjangili/.m2/repository/io/smallrye/jandex/3.1.2/jandex-3.1.2.jar:/Users/rameshjangili/.m2/repository/com/fasterxml/classmate/1.6.0/classmate-1.6.0.jar:/Users/rameshjangili/.m2/repository/org/glassfish/jaxb/jaxb-runtime/4.0.5/jaxb-runtime-4.0.5.jar:/Users/rameshjangili/.m2/repository/org/glassfish/jaxb/jaxb-core/4.0.5/jaxb-core-4.0.5.jar:/Users/rameshjangili/.m2/repository/org/eclipse/angus/angus-activation/2.0.2/angus-activation-2.0.2.jar:/Users/rameshjangili/.m2/repository/org/glassfish/jaxb/txw2/4.0.5/txw2-4.0.5.jar:/Users/rameshjangili/.m2/repository/com/sun/istack/istack-commons-runtime/4.1.2/istack-commons-runtime-4.1.2.jar:/Users/rameshjangili/.m2/repository/jakarta/inject/jakarta.inject-api/2.0.1/jakarta.inject-api-2.0.1.jar:/Users/rameshjangili/.m2/repository/org/antlr/antlr4-runtime/4.13.0/antlr4-runtime-4.13.0.jar:/Users/rameshjangili/.m2/repository/org/springframework/data/spring-data-jpa/3.2.5/spring-data-jpa-3.2.5.jar:/Users/rameshjangili/.m2/repository/org/springframework/data/spring-data-commons/3.2.5/spring-data-commons-3.2.5.jar:/Users/rameshjangili/.m2/repository/org/springframework/spring-orm/6.1.6/spring-orm-6.1.6.jar:/Users/rameshjangili/.m2/repository/org/springframework/spring-tx/6.1.6/spring-tx-6.1.6.jar:/Users/rameshjangili/.m2/repository/org/springframework/spring-aspects/6.1.6/spring-aspects-6.1.6.jar:/Users/rameshjangili/.m2/repository/com/h2database/h2/2.2.224/h2-2.2.224.jar:/Users/rameshjangili/.m2/repository/org/springframework/boot/spring-boot-starter-web/3.2.5/spring-boot-starter-web-3.2.5.jar:/Users/rameshjangili/.m2/repository/org/springframework/boot/spring-boot-starter-json/3.2.5/spring-boot-starter-json-3.2.5.jar:/Users/rameshjangili/.m2/repository/com/fasterxml/jackson/datatype/jackson-datatype-jdk8/2.15.4/jackson-datatype-jdk8-2.15.4.jar:/Users/rameshjangili/.m2/repository/com/fasterxml/jackson/module/jackson-module-parameter-names/2.15.4/jackson-module-parameter-names-2.15.4.jar:/Users/rameshjangili/.m2/repository/org/springframework/boot/spring-boot-starter-tomcat/3.2.5/spring-boot-starter-tomcat-3.2.5.jar:/Users/rameshjangili/.m2/repository/org/apache/tomcat/embed/tomcat-embed-core/10.1.20/tomcat-embed-core-10.1.20.jar:/Users/rameshjangili/.m2/repository/org/apache/tomcat/embed/tomcat-embed-el/10.1.20/tomcat-embed-el-10.1.20.jar:/Users/rameshjangili/.m2/repository/org/apache/tomcat/embed/tomcat-embed-websocket/10.1.20/tomcat-embed-websocket-10.1.20.jar:/Users/rameshjangili/.m2/repository/org/springframework/spring-webmvc/6.1.6/spring-webmvc-6.1.6.jar:/Users/rameshjangili/.m2/repository/org/springframework/spring-expression/6.1.6/spring-expression-6.1.6.jar:/Users/rameshjangili/.m2/repository/org/projectlombok/lombok/1.18.32/lombok-1.18.32.jar:"/>
    <property name="java.vm.vendor" value="Oracle Corporation"/>
    <property name="sun.arch.data.model" value="64"/>
    <property name="java.vendor.url" value="https://java.oracle.com/"/>
    <property name="user.timezone" value="Europe/London"/>
    <property name="org.jboss.logging.provider" value="slf4j"/>
    <property name="os.name" value="Mac OS X"/>
    <property name="java.vm.specification.version" value="17"/>
    <property name="sun.java.launcher" value="SUN_STANDARD"/>
    <property name="user.country" value="GB"/>
    <property name="sun.boot.library.path" value="/Users/rameshjangili/.sdkman/candidates/java/17.0.11-oracle/lib"/>
    <property name="sun.java.command" value="/Users/rameshjangili/workspace/spring-exercise/target/surefire/surefirebooter-20240523144853499_3.jar /Users/rameshjangili/workspace/spring-exercise/target/surefire 2024-05-23T14-48-52_324-jvmRun1 surefire-20240523144853499_1tmp surefire_0-20240523144853499_2tmp"/>
    <property name="http.nonProxyHosts" value="local|*.local|169.254/16|*.169.254/16"/>
    <property name="jdk.debug" value="release"/>
    <property name="surefire.test.class.path" value="/Users/rameshjangili/workspace/spring-exercise/target/test-classes:/Users/rameshjangili/workspace/spring-exercise/target/classes:/Users/rameshjangili/.m2/repository/org/springframework/boot/spring-boot-starter-aop/3.2.5/spring-boot-starter-aop-3.2.5.jar:/Users/rameshjangili/.m2/repository/org/springframework/spring-aop/6.1.6/spring-aop-6.1.6.jar:/Users/rameshjangili/.m2/repository/org/aspectj/aspectjrt/1.9.22/aspectjrt-1.9.22.jar:/Users/rameshjangili/.m2/repository/org/aspectj/aspectjweaver/1.9.22/aspectjweaver-1.9.22.jar:/Users/rameshjangili/.m2/repository/org/springframework/boot/spring-boot-starter/3.2.5/spring-boot-starter-3.2.5.jar:/Users/rameshjangili/.m2/repository/org/springframework/boot/spring-boot/3.2.5/spring-boot-3.2.5.jar:/Users/rameshjangili/.m2/repository/org/springframework/spring-context/6.1.6/spring-context-6.1.6.jar:/Users/rameshjangili/.m2/repository/org/springframework/boot/spring-boot-autoconfigure/3.2.5/spring-boot-autoconfigure-3.2.5.jar:/Users/rameshjangili/.m2/repository/org/springframework/boot/spring-boot-starter-logging/3.2.5/spring-boot-starter-logging-3.2.5.jar:/Users/rameshjangili/.m2/repository/ch/qos/logback/logback-classic/1.4.14/logback-classic-1.4.14.jar:/Users/rameshjangili/.m2/repository/ch/qos/logback/logback-core/1.4.14/logback-core-1.4.14.jar:/Users/rameshjangili/.m2/repository/org/apache/logging/log4j/log4j-to-slf4j/2.21.1/log4j-to-slf4j-2.21.1.jar:/Users/rameshjangili/.m2/repository/org/apache/logging/log4j/log4j-api/2.21.1/log4j-api-2.21.1.jar:/Users/rameshjangili/.m2/repository/org/slf4j/jul-to-slf4j/2.0.13/jul-to-slf4j-2.0.13.jar:/Users/rameshjangili/.m2/repository/jakarta/annotation/jakarta.annotation-api/2.1.1/jakarta.annotation-api-2.1.1.jar:/Users/rameshjangili/.m2/repository/org/springframework/spring-core/6.1.6/spring-core-6.1.6.jar:/Users/rameshjangili/.m2/repository/org/springframework/spring-jcl/6.1.6/spring-jcl-6.1.6.jar:/Users/rameshjangili/.m2/repository/org/yaml/snakeyaml/2.2/snakeyaml-2.2.jar:/Users/rameshjangili/.m2/repository/org/springframework/boot/spring-boot-starter-test/3.2.5/spring-boot-starter-test-3.2.5.jar:/Users/rameshjangili/.m2/repository/org/springframework/boot/spring-boot-test/3.2.5/spring-boot-test-3.2.5.jar:/Users/rameshjangili/.m2/repository/org/springframework/boot/spring-boot-test-autoconfigure/3.2.5/spring-boot-test-autoconfigure-3.2.5.jar:/Users/rameshjangili/.m2/repository/com/jayway/jsonpath/json-path/2.9.0/json-path-2.9.0.jar:/Users/rameshjangili/.m2/repository/jakarta/xml/bind/jakarta.xml.bind-api/4.0.2/jakarta.xml.bind-api-4.0.2.jar:/Users/rameshjangili/.m2/repository/jakarta/activation/jakarta.activation-api/2.1.3/jakarta.activation-api-2.1.3.jar:/Users/rameshjangili/.m2/repository/net/minidev/json-smart/2.5.1/json-smart-2.5.1.jar:/Users/rameshjangili/.m2/repository/net/minidev/accessors-smart/2.5.1/accessors-smart-2.5.1.jar:/Users/rameshjangili/.m2/repository/org/ow2/asm/asm/9.6/asm-9.6.jar:/Users/rameshjangili/.m2/repository/org/assertj/assertj-core/3.24.2/assertj-core-3.24.2.jar:/Users/rameshjangili/.m2/repository/net/bytebuddy/byte-buddy/1.14.13/byte-buddy-1.14.13.jar:/Users/rameshjangili/.m2/repository/org/awaitility/awaitility/4.2.1/awaitility-4.2.1.jar:/Users/rameshjangili/.m2/repository/org/hamcrest/hamcrest/2.2/hamcrest-2.2.jar:/Users/rameshjangili/.m2/repository/org/junit/jupiter/junit-jupiter/5.10.2/junit-jupiter-5.10.2.jar:/Users/rameshjangili/.m2/repository/org/junit/jupiter/junit-jupiter-api/5.10.2/junit-jupiter-api-5.10.2.jar:/Users/rameshjangili/.m2/repository/org/opentest4j/opentest4j/1.3.0/opentest4j-1.3.0.jar:/Users/rameshjangili/.m2/repository/org/junit/platform/junit-platform-commons/1.10.2/junit-platform-commons-1.10.2.jar:/Users/rameshjangili/.m2/repository/org/apiguardian/apiguardian-api/1.1.2/apiguardian-api-1.1.2.jar:/Users/rameshjangili/.m2/repository/org/junit/jupiter/junit-jupiter-params/5.10.2/junit-jupiter-params-5.10.2.jar:/Users/rameshjangili/.m2/repository/org/junit/jupiter/junit-jupiter-engine/5.10.2/junit-jupiter-engine-5.10.2.jar:/Users/rameshjangili/.m2/repository/org/junit/platform/junit-platform-engine/1.10.2/junit-platform-engine-1.10.2.jar:/Users/rameshjangili/.m2/repository/org/mockito/mockito-core/5.7.0/mockito-core-5.7.0.jar:/Users/rameshjangili/.m2/repository/net/bytebuddy/byte-buddy-agent/1.14.13/byte-buddy-agent-1.14.13.jar:/Users/rameshjangili/.m2/repository/org/objenesis/objenesis/3.3/objenesis-3.3.jar:/Users/rameshjangili/.m2/repository/org/mockito/mockito-junit-jupiter/5.7.0/mockito-junit-jupiter-5.7.0.jar:/Users/rameshjangili/.m2/repository/org/skyscreamer/jsonassert/1.5.1/jsonassert-1.5.1.jar:/Users/rameshjangili/.m2/repository/com/vaadin/external/google/android-json/0.0.20131108.vaadin1/android-json-0.0.20131108.vaadin1.jar:/Users/rameshjangili/.m2/repository/org/springframework/spring-test/6.1.6/spring-test-6.1.6.jar:/Users/rameshjangili/.m2/repository/org/xmlunit/xmlunit-core/2.9.1/xmlunit-core-2.9.1.jar:/Users/rameshjangili/.m2/repository/org/springframework/spring-web/6.1.6/spring-web-6.1.6.jar:/Users/rameshjangili/.m2/repository/org/springframework/spring-beans/6.1.6/spring-beans-6.1.6.jar:/Users/rameshjangili/.m2/repository/io/micrometer/micrometer-observation/1.12.5/micrometer-observation-1.12.5.jar:/Users/rameshjangili/.m2/repository/io/micrometer/micrometer-commons/1.12.5/micrometer-commons-1.12.5.jar:/Users/rameshjangili/.m2/repository/org/wiremock/wiremock/3.5.4/wiremock-3.5.4.jar:/Users/rameshjangili/.m2/repository/org/eclipse/jetty/jetty-server/12.0.8/jetty-server-12.0.8.jar:/Users/rameshjangili/.m2/repository/org/eclipse/jetty/jetty-http/12.0.8/jetty-http-12.0.8.jar:/Users/rameshjangili/.m2/repository/org/eclipse/jetty/jetty-io/12.0.8/jetty-io-12.0.8.jar:/Users/rameshjangili/.m2/repository/org/eclipse/jetty/jetty-servlet/11.0.20/jetty-servlet-11.0.20.jar:/Users/rameshjangili/.m2/repository/org/eclipse/jetty/jetty-security/12.0.8/jetty-security-12.0.8.jar:/Users/rameshjangili/.m2/repository/org/eclipse/jetty/jetty-servlets/11.0.20/jetty-servlets-11.0.20.jar:/Users/rameshjangili/.m2/repository/org/eclipse/jetty/jetty-util/12.0.8/jetty-util-12.0.8.jar:/Users/rameshjangili/.m2/repository/org/eclipse/jetty/jetty-webapp/11.0.20/jetty-webapp-11.0.20.jar:/Users/rameshjangili/.m2/repository/org/eclipse/jetty/jetty-xml/12.0.8/jetty-xml-12.0.8.jar:/Users/rameshjangili/.m2/repository/org/eclipse/jetty/jetty-proxy/12.0.8/jetty-proxy-12.0.8.jar:/Users/rameshjangili/.m2/repository/org/eclipse/jetty/jetty-client/12.0.8/jetty-client-12.0.8.jar:/Users/rameshjangili/.m2/repository/org/eclipse/jetty/http2/http2-server/11.0.20/http2-server-11.0.20.jar:/Users/rameshjangili/.m2/repository/org/eclipse/jetty/http2/http2-common/11.0.20/http2-common-11.0.20.jar:/Users/rameshjangili/.m2/repository/org/eclipse/jetty/http2/http2-hpack/11.0.20/http2-hpack-11.0.20.jar:/Users/rameshjangili/.m2/repository/org/eclipse/jetty/jetty-alpn-server/12.0.8/jetty-alpn-server-12.0.8.jar:/Users/rameshjangili/.m2/repository/org/eclipse/jetty/jetty-alpn-java-server/12.0.8/jetty-alpn-java-server-12.0.8.jar:/Users/rameshjangili/.m2/repository/org/eclipse/jetty/jetty-alpn-java-client/12.0.8/jetty-alpn-java-client-12.0.8.jar:/Users/rameshjangili/.m2/repository/org/eclipse/jetty/jetty-alpn-client/12.0.8/jetty-alpn-client-12.0.8.jar:/Users/rameshjangili/.m2/repository/com/google/guava/guava/33.1.0-jre/guava-33.1.0-jre.jar:/Users/rameshjangili/.m2/repository/com/google/guava/failureaccess/1.0.2/failureaccess-1.0.2.jar:/Users/rameshjangili/.m2/repository/com/google/guava/listenablefuture/9999.0-empty-to-avoid-conflict-with-guava/listenablefuture-9999.0-empty-to-avoid-conflict-with-guava.jar:/Users/rameshjangili/.m2/repository/org/checkerframework/checker-qual/3.42.0/checker-qual-3.42.0.jar:/Users/rameshjangili/.m2/repository/com/google/errorprone/error_prone_annotations/2.26.1/error_prone_annotations-2.26.1.jar:/Users/rameshjangili/.m2/repository/com/google/j2objc/j2objc-annotations/3.0.0/j2objc-annotations-3.0.0.jar:/Users/rameshjangili/.m2/repository/com/fasterxml/jackson/core/jackson-core/2.15.4/jackson-core-2.15.4.jar:/Users/rameshjangili/.m2/repository/com/fasterxml/jackson/core/jackson-annotations/2.15.4/jackson-annotations-2.15.4.jar:/Users/rameshjangili/.m2/repository/com/fasterxml/jackson/core/jackson-databind/2.15.4/jackson-databind-2.15.4.jar:/Users/rameshjangili/.m2/repository/com/fasterxml/jackson/datatype/jackson-datatype-jsr310/2.15.4/jackson-datatype-jsr310-2.15.4.jar:/Users/rameshjangili/.m2/repository/org/apache/httpcomponents/client5/httpclient5/5.2.3/httpclient5-5.2.3.jar:/Users/rameshjangili/.m2/repository/org/apache/httpcomponents/core5/httpcore5/5.2.4/httpcore5-5.2.4.jar:/Users/rameshjangili/.m2/repository/org/apache/httpcomponents/core5/httpcore5-h2/5.2.4/httpcore5-h2-5.2.4.jar:/Users/rameshjangili/.m2/repository/org/xmlunit/xmlunit-legacy/2.9.1/xmlunit-legacy-2.9.1.jar:/Users/rameshjangili/.m2/repository/org/xmlunit/xmlunit-placeholders/2.9.1/xmlunit-placeholders-2.9.1.jar:/Users/rameshjangili/.m2/repository/net/javacrumbs/json-unit/json-unit-core/2.38.0/json-unit-core-2.38.0.jar:/Users/rameshjangili/.m2/repository/org/hamcrest/hamcrest-core/2.2/hamcrest-core-2.2.jar:/Users/rameshjangili/.m2/repository/net/sf/jopt-simple/jopt-simple/5.0.4/jopt-simple-5.0.4.jar:/Users/rameshjangili/.m2/repository/com/github/jknack/handlebars/4.3.1/handlebars-4.3.1.jar:/Users/rameshjangili/.m2/repository/com/github/jknack/handlebars-helpers/4.3.1/handlebars-helpers-4.3.1.jar:/Users/rameshjangili/.m2/repository/commons-fileupload/commons-fileupload/1.5/commons-fileupload-1.5.jar:/Users/rameshjangili/.m2/repository/commons-io/commons-io/2.11.0/commons-io-2.11.0.jar:/Users/rameshjangili/.m2/repository/com/networknt/json-schema-validator/1.4.0/json-schema-validator-1.4.0.jar:/Users/rameshjangili/.m2/repository/com/ethlo/time/itu/1.8.0/itu-1.8.0.jar:/Users/rameshjangili/.m2/repository/com/fasterxml/jackson/dataformat/jackson-dataformat-yaml/2.15.4/jackson-dataformat-yaml-2.15.4.jar:/Users/rameshjangili/.m2/repository/org/slf4j/slf4j-api/2.0.13/slf4j-api-2.0.13.jar:/Users/rameshjangili/.m2/repository/com/amazonaws/aws-java-sdk-secretsmanager/1.12.500/aws-java-sdk-secretsmanager-1.12.500.jar:/Users/rameshjangili/.m2/repository/com/amazonaws/aws-java-sdk-core/1.12.500/aws-java-sdk-core-1.12.500.jar:/Users/rameshjangili/.m2/repository/commons-logging/commons-logging/1.1.3/commons-logging-1.1.3.jar:/Users/rameshjangili/.m2/repository/commons-codec/commons-codec/1.16.1/commons-codec-1.16.1.jar:/Users/rameshjangili/.m2/repository/org/apache/httpcomponents/httpclient/4.5.13/httpclient-4.5.13.jar:/Users/rameshjangili/.m2/repository/org/apache/httpcomponents/httpcore/4.4.16/httpcore-4.4.16.jar:/Users/rameshjangili/.m2/repository/software/amazon/ion/ion-java/1.0.2/ion-java-1.0.2.jar:/Users/rameshjangili/.m2/repository/com/fasterxml/jackson/dataformat/jackson-dataformat-cbor/2.15.4/jackson-dataformat-cbor-2.15.4.jar:/Users/rameshjangili/.m2/repository/joda-time/joda-time/2.8.1/joda-time-2.8.1.jar:/Users/rameshjangili/.m2/repository/com/amazonaws/jmespath-java/1.12.500/jmespath-java-1.12.500.jar:/Users/rameshjangili/.m2/repository/org/springframework/boot/spring-boot-starter-data-jpa/3.2.5/spring-boot-starter-data-jpa-3.2.5.jar:/Users/rameshjangili/.m2/repository/org/springframework/boot/spring-boot-starter-jdbc/3.2.5/spring-boot-starter-jdbc-3.2.5.jar:/Users/rameshjangili/.m2/repository/com/zaxxer/HikariCP/5.0.1/HikariCP-5.0.1.jar:/Users/rameshjangili/.m2/repository/org/springframework/spring-jdbc/6.1.6/spring-jdbc-6.1.6.jar:/Users/rameshjangili/.m2/repository/org/hibernate/orm/hibernate-core/6.4.4.Final/hibernate-core-6.4.4.Final.jar:/Users/rameshjangili/.m2/repository/jakarta/persistence/jakarta.persistence-api/3.1.0/jakarta.persistence-api-3.1.0.jar:/Users/rameshjangili/.m2/repository/jakarta/transaction/jakarta.transaction-api/2.0.1/jakarta.transaction-api-2.0.1.jar:/Users/rameshjangili/.m2/repository/org/jboss/logging/jboss-logging/3.5.3.Final/jboss-logging-3.5.3.Final.jar:/Users/rameshjangili/.m2/repository/org/hibernate/common/hibernate-commons-annotations/6.0.6.Final/hibernate-commons-annotations-6.0.6.Final.jar:/Users/rameshjangili/.m2/repository/io/smallrye/jandex/3.1.2/jandex-3.1.2.jar:/Users/rameshjangili/.m2/repository/com/fasterxml/classmate/1.6.0/classmate-1.6.0.jar:/Users/rameshjangili/.m2/repository/org/glassfish/jaxb/jaxb-runtime/4.0.5/jaxb-runtime-4.0.5.jar:/Users/rameshjangili/.m2/repository/org/glassfish/jaxb/jaxb-core/4.0.5/jaxb-core-4.0.5.jar:/Users/rameshjangili/.m2/repository/org/eclipse/angus/angus-activation/2.0.2/angus-activation-2.0.2.jar:/Users/rameshjangili/.m2/repository/org/glassfish/jaxb/txw2/4.0.5/txw2-4.0.5.jar:/Users/rameshjangili/.m2/repository/com/sun/istack/istack-commons-runtime/4.1.2/istack-commons-runtime-4.1.2.jar:/Users/rameshjangili/.m2/repository/jakarta/inject/jakarta.inject-api/2.0.1/jakarta.inject-api-2.0.1.jar:/Users/rameshjangili/.m2/repository/org/antlr/antlr4-runtime/4.13.0/antlr4-runtime-4.13.0.jar:/Users/rameshjangili/.m2/repository/org/springframework/data/spring-data-jpa/3.2.5/spring-data-jpa-3.2.5.jar:/Users/rameshjangili/.m2/repository/org/springframework/data/spring-data-commons/3.2.5/spring-data-commons-3.2.5.jar:/Users/rameshjangili/.m2/repository/org/springframework/spring-orm/6.1.6/spring-orm-6.1.6.jar:/Users/rameshjangili/.m2/repository/org/springframework/spring-tx/6.1.6/spring-tx-6.1.6.jar:/Users/rameshjangili/.m2/repository/org/springframework/spring-aspects/6.1.6/spring-aspects-6.1.6.jar:/Users/rameshjangili/.m2/repository/com/h2database/h2/2.2.224/h2-2.2.224.jar:/Users/rameshjangili/.m2/repository/org/springframework/boot/spring-boot-starter-web/3.2.5/spring-boot-starter-web-3.2.5.jar:/Users/rameshjangili/.m2/repository/org/springframework/boot/spring-boot-starter-json/3.2.5/spring-boot-starter-json-3.2.5.jar:/Users/rameshjangili/.m2/repository/com/fasterxml/jackson/datatype/jackson-datatype-jdk8/2.15.4/jackson-datatype-jdk8-2.15.4.jar:/Users/rameshjangili/.m2/repository/com/fasterxml/jackson/module/jackson-module-parameter-names/2.15.4/jackson-module-parameter-names-2.15.4.jar:/Users/rameshjangili/.m2/repository/org/springframework/boot/spring-boot-starter-tomcat/3.2.5/spring-boot-starter-tomcat-3.2.5.jar:/Users/rameshjangili/.m2/repository/org/apache/tomcat/embed/tomcat-embed-core/10.1.20/tomcat-embed-core-10.1.20.jar:/Users/rameshjangili/.m2/repository/org/apache/tomcat/embed/tomcat-embed-el/10.1.20/tomcat-embed-el-10.1.20.jar:/Users/rameshjangili/.m2/repository/org/apache/tomcat/embed/tomcat-embed-websocket/10.1.20/tomcat-embed-websocket-10.1.20.jar:/Users/rameshjangili/.m2/repository/org/springframework/spring-webmvc/6.1.6/spring-webmvc-6.1.6.jar:/Users/rameshjangili/.m2/repository/org/springframework/spring-expression/6.1.6/spring-expression-6.1.6.jar:/Users/rameshjangili/.m2/repository/org/projectlombok/lombok/1.18.32/lombok-1.18.32.jar:"/>
    <property name="sun.cpu.endian" value="little"/>
    <property name="user.home" value="/Users/rameshjangili"/>
    <property name="user.language" value="en"/>
    <property name="java.specification.vendor" value="Oracle Corporation"/>
    <property name="java.version.date" value="2024-04-16"/>
    <property name="java.home" value="/Users/rameshjangili/.sdkman/candidates/java/17.0.11-oracle"/>
    <property name="file.separator" value="/"/>
    <property name="basedir" value="/Users/rameshjangili/workspace/spring-exercise"/>
    <property name="java.vm.compressedOopsMode" value="Zero based"/>
    <property name="line.separator" value="&#10;"/>
    <property name="java.vm.specification.vendor" value="Oracle Corporation"/>
    <property name="java.specification.name" value="Java Platform API Specification"/>
    <property name="FILE_LOG_CHARSET" value="UTF-8"/>
    <property name="java.awt.headless" value="true"/>
    <property name="surefire.real.class.path" value="/Users/rameshjangili/workspace/spring-exercise/target/surefire/surefirebooter-20240523144853499_3.jar"/>
    <property name="sun.management.compiler" value="HotSpot 64-Bit Tiered Compilers"/>
    <property name="ftp.nonProxyHosts" value="local|*.local|169.254/16|*.169.254/16"/>
    <property name="java.runtime.version" value="17.0.11+7-LTS-207"/>
    <property name="user.name" value="rameshjangili"/>
    <property name="path.separator" value=":"/>
    <property name="os.version" value="14.1.2"/>
    <property name="java.runtime.name" value="Java(TM) SE Runtime Environment"/>
    <property name="file.encoding" value="UTF-8"/>
    <property name="java.vm.name" value="Java HotSpot(TM) 64-Bit Server VM"/>
    <property name="localRepository" value="/Users/rameshjangili/.m2/repository"/>
    <property name="java.vendor.url.bug" value="https://bugreport.java.com/bugreport/"/>
    <property name="java.io.tmpdir" value="/var/folders/2t/m1m8209x53v_4lq5xymgzdzw0000gn/T/"/>
    <property name="com.zaxxer.hikari.pool_number" value="1"/>
    <property name="java.version" value="17.0.11"/>
    <property name="user.dir" value="/Users/rameshjangili/workspace/spring-exercise"/>
    <property name="os.arch" value="x86_64"/>
    <property name="java.vm.specification.name" value="Java Virtual Machine Specification"/>
    <property name="PID" value="68540"/>
    <property name="CONSOLE_LOG_CHARSET" value="UTF-8"/>
    <property name="native.encoding" value="UTF-8"/>
    <property name="java.library.path" value="/Users/rameshjangili/Library/Java/Extensions:/Library/Java/Extensions:/Network/Library/Java/Extensions:/System/Library/Java/Extensions:/usr/lib/java:."/>
    <property name="java.vm.info" value="mixed mode, sharing"/>
    <property name="java.vendor" value="Oracle Corporation"/>
    <property name="java.vm.version" value="17.0.11+7-LTS-207"/>
    <property name="sun.io.unicode.encoding" value="UnicodeBig"/>
    <property name="socksNonProxyHosts" value="local|*.local|169.254/16|*.169.254/16"/>
    <property name="java.class.version" value="61.0"/>
    <property name="LOGGED_APPLICATION_NAME" value="[SpringExercise] "/>
  </properties>
  <testcase name="testSearchCompany" classname="com.company.search.conroller.CompanyControllerTest" time="0.285">
    <system-out><![CDATA[14:48:54.830 [main] INFO org.springframework.test.context.support.AnnotationConfigContextLoaderUtils -- Could not detect default configuration classes for test class [com.company.search.conroller.CompanyControllerTest]: CompanyControllerTest does not declare any static, non-private, non-final, nested classes annotated with @Configuration.
14:48:54.975 [main] INFO org.springframework.boot.test.context.SpringBootTestContextBootstrapper -- Found @SpringBootConfiguration com.company.search.CompanySearchApplication for test class com.company.search.conroller.CompanyControllerTest

  .   ____          _            __ _ _
 /\\ / ___'_ __ _ _(_)_ __  __ _ \ \ \ \
( ( )\___ | '_ | '_| | '_ \/ _` | \ \ \ \
 \\/  ___)| |_)| | | | | || (_| |  ) ) ) )
  '  |____| .__|_| |_|_| |_\__, | / / / /
 =========|_|==============|___/=/_/_/_/
 :: Spring Boot ::                (v3.2.5)

2024-05-23T14:48:55.450+01:00  INFO 68540 --- [SpringExercise] [           main] c.c.s.conroller.CompanyControllerTest    : Starting CompanyControllerTest using Java 17.0.11 with PID 68540 (started by rameshjangili in /Users/rameshjangili/workspace/spring-exercise)
2024-05-23T14:48:55.452+01:00  INFO 68540 --- [SpringExercise] [           main] c.c.s.conroller.CompanyControllerTest    : No active profile set, falling back to 1 default profile: "default"
2024-05-23T14:48:56.207+01:00  INFO 68540 --- [SpringExercise] [           main] .s.d.r.c.RepositoryConfigurationDelegate : Bootstrapping Spring Data JPA repositories in DEFAULT mode.
2024-05-23T14:48:56.279+01:00  INFO 68540 --- [SpringExercise] [           main] .s.d.r.c.RepositoryConfigurationDelegate : Finished Spring Data repository scanning in 61 ms. Found 1 JPA repository interface.
2024-05-23T14:48:58.383+01:00  INFO 68540 --- [SpringExercise] [           main] com.zaxxer.hikari.HikariDataSource       : HikariPool-1 - Starting...
2024-05-23T14:48:58.682+01:00  INFO 68540 --- [SpringExercise] [           main] com.zaxxer.hikari.pool.HikariPool        : HikariPool-1 - Added connection conn0: url=jdbc:h2:mem:35ea7bf8-6195-4697-b73f-06977c8c66e8 user=SA
2024-05-23T14:48:58.684+01:00  INFO 68540 --- [SpringExercise] [           main] com.zaxxer.hikari.HikariDataSource       : HikariPool-1 - Start completed.
2024-05-23T14:48:58.751+01:00  INFO 68540 --- [SpringExercise] [           main] o.hibernate.jpa.internal.util.LogHelper  : HHH000204: Processing PersistenceUnitInfo [name: default]
2024-05-23T14:48:58.851+01:00  INFO 68540 --- [SpringExercise] [           main] org.hibernate.Version                    : HHH000412: Hibernate ORM core version 6.4.4.Final
2024-05-23T14:48:58.913+01:00  INFO 68540 --- [SpringExercise] [           main] o.h.c.internal.RegionFactoryInitiator    : HHH000026: Second-level cache disabled
2024-05-23T14:48:59.090+01:00  INFO 68540 --- [SpringExercise] [           main] o.s.o.j.p.SpringPersistenceUnitInfo      : No LoadTimeWeaver setup: ignoring JPA class transformer
2024-05-23T14:49:00.310+01:00  INFO 68540 --- [SpringExercise] [           main] o.h.e.t.j.p.i.JtaPlatformInitiator       : HHH000489: No JTA platform available (set 'hibernate.transaction.jta.platform' to enable JTA platform integration)
2024-05-23T14:49:00.370+01:00  INFO 68540 --- [SpringExercise] [           main] j.LocalContainerEntityManagerFactoryBean : Initialized JPA EntityManagerFactory for persistence unit 'default'
2024-05-23T14:49:00.948+01:00  WARN 68540 --- [SpringExercise] [           main] JpaBaseConfiguration$JpaWebConfiguration : spring.jpa.open-in-view is enabled by default. Therefore, database queries may be performed during view rendering. Explicitly configure spring.jpa.open-in-view to disable this warning
2024-05-23T14:49:02.796+01:00  INFO 68540 --- [SpringExercise] [           main] o.s.b.t.m.w.SpringBootMockServletContext : Initializing Spring TestDispatcherServlet ''
2024-05-23T14:49:02.797+01:00  INFO 68540 --- [SpringExercise] [           main] o.s.t.web.servlet.TestDispatcherServlet  : Initializing Servlet ''
2024-05-23T14:49:02.799+01:00  INFO 68540 --- [SpringExercise] [           main] o.s.t.web.servlet.TestDispatcherServlet  : Completed initialization in 1 ms
2024-05-23T14:49:02.827+01:00  INFO 68540 --- [SpringExercise] [           main] c.c.s.conroller.CompanyControllerTest    : Started CompanyControllerTest in 7.655 seconds (process running for 8.902)
]]></system-out>
  </testcase>
</testsuite>